This file contains any messages produced by compilers while
running configure, to aid debugging if configure makes a mistake.

It was created by libxml2 configure 2.9.10, which was
generated by GNU Autoconf 2.71.  Invocation command line was

  $ ./configure

## --------- ##
## Platform. ##
## --------- ##

hostname = UnknownDevice
uname -m = x86_64
uname -r = 5.15.167.4-microsoft-standard-WSL2
uname -s = Linux
uname -v = #1 SMP Tue Nov 5 00:21:55 UTC 2024

/usr/bin/uname -p = x86_64
/bin/uname -X     = unknown

/bin/arch              = x86_64
/usr/bin/arch -k       = unknown
/usr/convex/getsysinfo = unknown
/usr/bin/hostinfo      = unknown
/bin/machine           = unknown
/usr/bin/oslevel       = unknown
/bin/universe          = unknown

PATH: /home/rlahlou/.pyenv/shims/
PATH: /home/rlahlou/.pyenv/bin/
PATH: /home/rlahlou/.vscode-server/bin/91fa95bccb027ece6a968589bb1d662fa9c8e170/bin/remote-cli/
PATH: /home/rlahlou/.local/bin/
PATH: /home/rlahlou/.pyenv/bin/
PATH: /usr/local/sbin/
PATH: /usr/local/bin/
PATH: /usr/sbin/
PATH: /usr/bin/
PATH: /sbin/
PATH: /bin/
PATH: /usr/games/
PATH: /usr/local/games/
PATH: /usr/lib/wsl/lib/
PATH: /mnt/c/Program Files/Common Files/Oracle/Java/javapath/
PATH: /mnt/c/WINDOWS/system32/
PATH: /mnt/c/WINDOWS/
PATH: /mnt/c/WINDOWS/System32/Wbem/
PATH: /mnt/c/WINDOWS/System32/WindowsPowerShell/v1.0/
PATH: /mnt/c/WINDOWS/System32/OpenSSH/
PATH: /mnt/c/Program Files (x86)/NVIDIA Corporation/PhysX/Common/
PATH: /mnt/c/Program Files/NVIDIA Corporation/NVIDIA NvDLISR/
PATH: /mnt/c/Program Files/dotnet/
PATH: /mnt/c/Program Files/Git/cmd/
PATH: /mnt/c/Program Files (x86)/Microsoft Visual Studio/2022/BuildTools/VC/Tools/MSVC/14.43.34808/bin/Hostx64/x86/
PATH: /mnt/c/Program Files (x86)/Microsoft Visual Studio/2022/BuildTools/Common7/IDE/CommonExtensions/Microsoft/CMake/CMake/bin/
PATH: /mnt/c/Program Files (x86)/Microsoft Visual Studio/2022/BuildTools/Common7/IDE/CommonExtensions/Microsoft/CMake/Ninja/
PATH: /mnt/c/Program Files/Docker/Docker/resources/bin/
PATH: /mnt/c/Users/rlahl/.cargo/bin/
PATH: /mnt/c/Users/rlahl/AppData/Local/Programs/Python/Launcher/
PATH: /mnt/c/Users/rlahl/AppData/Local/Microsoft/WindowsApps/
PATH: /mnt/c/Users/rlahl/AppData/Local/Programs/Microsoft VS Code/bin/
PATH: /mnt/c/Users/rlahl/AppData/Local/GitHubDesktop/bin/
PATH: /mnt/c/Users/rlahl/.dotnet/tools/
PATH: /mnt/c/Users/rlahl/AppData/Local/Programs/Python/Python313/Scripts/
PATH: /snap/bin/


## ----------- ##
## Core tests. ##
## ----------- ##

configure:2696: looking for aux files: ltmain.sh compile missing install-sh config.guess config.sub
configure:2709:  trying ./
configure:2738:   ./ltmain.sh found
configure:2738:   ./compile found
configure:2738:   ./missing found
configure:2720:   ./install-sh found
configure:2738:   ./config.guess found
configure:2738:   ./config.sub found
configure:2853: checking whether to enable maintainer-specific portions of Makefiles
configure:2863: result: yes
configure:2884: checking build system type
configure:2899: result: x86_64-pc-linux-gnu
configure:2919: checking host system type
configure:2933: result: x86_64-pc-linux-gnu
configure:3014: checking for a BSD-compatible install
configure:3087: result: /usr/bin/install -c
configure:3098: checking whether build environment is sane
configure:3153: result: yes
configure:3312: checking for a race-free mkdir -p
configure:3356: result: /usr/bin/mkdir -p
configure:3363: checking for gawk
configure:3384: found /usr/bin/gawk
configure:3395: result: gawk
configure:3406: checking whether make sets $(MAKE)
configure:3429: result: yes
configure:3459: checking whether make supports nested variables
configure:3477: result: yes
configure:3629: checking whether make supports nested variables
configure:3647: result: yes
configure:3721: checking for gcc
configure:3742: found /usr/bin/gcc
configure:3753: result: gcc
configure:4106: checking for C compiler version
configure:4115: gcc --version >&5
gcc (Ubuntu 13.3.0-6ubuntu2~24.04) 13.3.0
Copyright (C) 2023 Free Software Foundation, Inc.
This is free software; see the source for copying conditions.  There is NO
warranty; not even for MERCHANTABILITY or FITNESS FOR A PARTICULAR PURPOSE.

configure:4126: $? = 0
configure:4115: gcc -v >&5
Using built-in specs.
COLLECT_GCC=gcc
COLLECT_LTO_WRAPPER=/usr/libexec/gcc/x86_64-linux-gnu/13/lto-wrapper
OFFLOAD_TARGET_NAMES=nvptx-none:amdgcn-amdhsa
OFFLOAD_TARGET_DEFAULT=1
Target: x86_64-linux-gnu
Configured with: ../src/configure -v --with-pkgversion='Ubuntu 13.3.0-6ubuntu2~24.04' --with-bugurl=file:///usr/share/doc/gcc-13/README.Bugs --enable-languages=c,ada,c++,go,d,fortran,objc,obj-c++,m2 --prefix=/usr --with-gcc-major-version-only --program-suffix=-13 --program-prefix=x86_64-linux-gnu- --enable-shared --enable-linker-build-id --libexecdir=/usr/libexec --without-included-gettext --enable-threads=posix --libdir=/usr/lib --enable-nls --enable-bootstrap --enable-clocale=gnu --enable-libstdcxx-debug --enable-libstdcxx-time=yes --with-default-libstdcxx-abi=new --enable-libstdcxx-backtrace --enable-gnu-unique-object --disable-vtable-verify --enable-plugin --enable-default-pie --with-system-zlib --enable-libphobos-checking=release --with-target-system-zlib=auto --enable-objc-gc=auto --enable-multiarch --disable-werror --enable-cet --with-arch-32=i686 --with-abi=m64 --with-multilib-list=m32,m64,mx32 --enable-multilib --with-tune=generic --enable-offload-targets=nvptx-none=/build/gcc-13-fG75Ri/gcc-13-13.3.0/debian/tmp-nvptx/usr,amdgcn-amdhsa=/build/gcc-13-fG75Ri/gcc-13-13.3.0/debian/tmp-gcn/usr --enable-offload-defaulted --without-cuda-driver --enable-checking=release --build=x86_64-linux-gnu --host=x86_64-linux-gnu --target=x86_64-linux-gnu --with-build-config=bootstrap-lto-lean --enable-link-serialization=2
Thread model: posix
Supported LTO compression algorithms: zlib zstd
gcc version 13.3.0 (Ubuntu 13.3.0-6ubuntu2~24.04) 
... rest of stderr output deleted ...
configure:4126: $? = 0
configure:4115: gcc -V >&5
gcc: error: unrecognized command-line option '-V'
gcc: fatal error: no input files
compilation terminated.
configure:4126: $? = 1
configure:4115: gcc -qversion >&5
gcc: error: unrecognized command-line option '-qversion'; did you mean '--version'?
gcc: fatal error: no input files
compilation terminated.
configure:4126: $? = 1
configure:4115: gcc -version >&5
gcc: error: unrecognized command-line option '-version'
gcc: fatal error: no input files
compilation terminated.
configure:4126: $? = 1
configure:4146: checking whether the C compiler works
configure:4168: gcc -ggdb -fsanitize=address   conftest.c  >&5
configure:4172: $? = 0
configure:4222: result: yes
configure:4225: checking for C compiler default output file name
configure:4227: result: a.out
configure:4233: checking for suffix of executables
configure:4240: gcc -o conftest -ggdb -fsanitize=address   conftest.c  >&5
configure:4244: $? = 0
configure:4267: result: 
configure:4289: checking whether we are cross compiling
configure:4297: gcc -o conftest -ggdb -fsanitize=address   conftest.c  >&5
configure:4301: $? = 0
configure:4308: ./conftest
configure:4312: $? = 0
configure:4327: result: no
configure:4332: checking for suffix of object files
configure:4355: gcc -c -ggdb -fsanitize=address  conftest.c >&5
configure:4359: $? = 0
configure:4381: result: o
configure:4385: checking whether the compiler supports GNU C
configure:4405: gcc -c -ggdb -fsanitize=address  conftest.c >&5
configure:4405: $? = 0
configure:4415: result: yes
configure:4426: checking whether gcc accepts -g
configure:4447: gcc -c -g  conftest.c >&5
configure:4447: $? = 0
configure:4491: result: yes
configure:4511: checking for gcc option to enable C11 features
configure:4526: gcc  -c -ggdb -fsanitize=address  conftest.c >&5
configure:4526: $? = 0
configure:4544: result: none needed
configure:4660: checking whether gcc understands -c and -o together
configure:4683: gcc -c conftest.c -o conftest2.o
configure:4686: $? = 0
configure:4683: gcc -c conftest.c -o conftest2.o
configure:4686: $? = 0
configure:4698: result: yes
configure:4718: checking whether make supports the include directive
configure:4733: make -f confmf.GNU && cat confinc.out
this is the am__doit target
configure:4736: $? = 0
configure:4755: result: yes (GNU style)
configure:4781: checking dependency style of gcc
configure:4893: result: gcc3
configure:4909: checking whether ln -s works
configure:4913: result: yes
configure:4926: checking how to run the C preprocessor
configure:4952: gcc -E  conftest.c
configure:4952: $? = 0
configure:4967: gcc -E  conftest.c
conftest.c:11:10: fatal error: ac_nonexistent.h: No such file or directory
   11 | #include <ac_nonexistent.h>
      |          ^~~~~~~~~~~~~~~~~~
compilation terminated.
configure:4967: $? = 1
configure: failed program was:
| /* confdefs.h */
| #define PACKAGE_NAME "libxml2"
| #define PACKAGE_TARNAME "libxml2"
| #define PACKAGE_VERSION "2.9.10"
| #define PACKAGE_STRING "libxml2 2.9.10"
| #define PACKAGE_BUGREPORT ""
| #define PACKAGE_URL ""
| #define PACKAGE "libxml2"
| #define VERSION "2.9.10"
| /* end confdefs.h.  */
| #include <ac_nonexistent.h>
configure:4994: result: gcc -E
configure:5008: gcc -E  conftest.c
configure:5008: $? = 0
configure:5023: gcc -E  conftest.c
conftest.c:11:10: fatal error: ac_nonexistent.h: No such file or directory
   11 | #include <ac_nonexistent.h>
      |          ^~~~~~~~~~~~~~~~~~
compilation terminated.
configure:5023: $? = 1
configure: failed program was:
| /* confdefs.h */
| #define PACKAGE_NAME "libxml2"
| #define PACKAGE_TARNAME "libxml2"
| #define PACKAGE_VERSION "2.9.10"
| #define PACKAGE_STRING "libxml2 2.9.10"
| #define PACKAGE_BUGREPORT ""
| #define PACKAGE_URL ""
| #define PACKAGE "libxml2"
| #define VERSION "2.9.10"
| /* end confdefs.h.  */
| #include <ac_nonexistent.h>
configure:5055: checking for mv
configure:5078: found /usr/bin/mv
configure:5091: result: /usr/bin/mv
configure:5101: checking for tar
configure:5124: found /usr/bin/tar
configure:5137: result: /usr/bin/tar
configure:5147: checking for perl
configure:5170: found /usr/bin/perl
configure:5183: result: /usr/bin/perl
configure:5193: checking for wget
configure:5216: found /usr/bin/wget
configure:5229: result: /usr/bin/wget
configure:5239: checking for xmllint
configure:5275: result: /usr/bin/xmllint
configure:5285: checking for xsltproc
configure:5321: result: /usr/bin/xsltproc
configure:5388: checking for pkg-config
configure:5411: found /usr/bin/pkg-config
configure:5423: result: /usr/bin/pkg-config
configure:5448: checking pkg-config is at least version 0.9.0
configure:5451: result: yes
configure:5507: checking how to print strings
configure:5534: result: printf
configure:5555: checking for a sed that does not truncate output
configure:5625: result: /usr/bin/sed
configure:5643: checking for grep that handles long lines and -e
configure:5707: result: /usr/bin/grep
configure:5712: checking for egrep
configure:5780: result: /usr/bin/grep -E
configure:5785: checking for fgrep
configure:5853: result: /usr/bin/grep -F
configure:5889: checking for ld used by gcc
configure:5957: result: /usr/bin/ld
configure:5964: checking if the linker (/usr/bin/ld) is GNU ld
configure:5980: result: yes
configure:5992: checking for BSD- or MS-compatible name lister (nm)
configure:6047: result: /usr/bin/nm -B
configure:6187: checking the name lister (/usr/bin/nm -B) interface
configure:6195: gcc -c -ggdb -fsanitize=address  conftest.c >&5
configure:6198: /usr/bin/nm -B "conftest.o"
configure:6201: output
                 U __asan_init
                 U __asan_register_globals
                 U __asan_unregister_globals
                 U __asan_version_mismatch_check_v8
0000000000000040 B __odr_asan.some_variable
0000000000000000 t _sub_D_00099_0
000000000000001e t _sub_I_00099_1
0000000000000000 B some_variable
configure:6208: result: BSD nm
configure:6212: checking the maximum length of command line arguments
configure:6344: result: 1572864
configure:6392: checking how to convert x86_64-pc-linux-gnu file names to x86_64-pc-linux-gnu format
configure:6433: result: func_convert_file_noop
configure:6440: checking how to convert x86_64-pc-linux-gnu file names to toolchain format
configure:6461: result: func_convert_file_noop
configure:6468: checking for /usr/bin/ld option to reload object files
configure:6476: result: -r
configure:6555: checking for file
configure:6576: found /usr/bin/file
configure:6587: result: file
configure:6663: checking for objdump
configure:6684: found /usr/bin/objdump
configure:6695: result: objdump
configure:6727: checking how to recognize dependent libraries
configure:6928: result: pass_all
configure:7018: checking for dlltool
configure:7053: result: no
configure:7083: checking how to associate runtime and link libraries
configure:7111: result: printf %s\n
configure:7177: checking for ar
configure:7198: found /usr/bin/ar
configure:7209: result: ar
configure:7262: checking for archiver @FILE support
configure:7280: gcc -c -ggdb -fsanitize=address  conftest.c >&5
configure:7280: $? = 0
configure:7284: ar cr libconftest.a @conftest.lst >&5
configure:7287: $? = 0
configure:7292: ar cr libconftest.a @conftest.lst >&5
ar: conftest.o: No such file or directory
configure:7295: $? = 1
configure:7307: result: @
configure:7370: checking for strip
configure:7391: found /usr/bin/strip
configure:7402: result: strip
configure:7479: checking for ranlib
configure:7500: found /usr/bin/ranlib
configure:7511: result: ranlib
configure:7613: checking command to parse /usr/bin/nm -B output from gcc object
configure:7767: gcc -c -ggdb -fsanitize=address  conftest.c >&5
configure:7770: $? = 0
configure:7774: /usr/bin/nm -B conftest.o | /usr/bin/sed -n -e 's/^.*[	 ]\([ABCDGIRSTW][ABCDGIRSTW]*\)[	 ][	 ]*\([_A-Za-z][_A-Za-z0-9]*\)$/\1 \2 \2/p' | /usr/bin/sed '/ __gnu_lto/d' > conftest.nm
configure:7840: gcc -o conftest -ggdb -fsanitize=address   conftest.c conftstm.o >&5
configure:7843: $? = 0
configure:7881: result: ok
configure:7928: checking for sysroot
configure:7959: result: no
configure:7966: checking for a working dd
configure:8010: result: /usr/bin/dd
configure:8014: checking how to truncate binary pipes
configure:8030: result: /usr/bin/dd bs=4096 count=1
configure:8167: gcc -c -ggdb -fsanitize=address  conftest.c >&5
configure:8170: $? = 0
configure:8367: checking for mt
configure:8402: result: no
configure:8422: checking if : is a manifest tool
configure:8429: : '-?'
configure:8437: result: no
configure:9162: checking for stdio.h
configure:9162: gcc -c -ggdb -fsanitize=address  conftest.c >&5
configure:9162: $? = 0
configure:9162: result: yes
configure:9162: checking for stdlib.h
configure:9162: gcc -c -ggdb -fsanitize=address  conftest.c >&5
configure:9162: $? = 0
configure:9162: result: yes
configure:9162: checking for string.h
configure:9162: gcc -c -ggdb -fsanitize=address  conftest.c >&5
configure:9162: $? = 0
configure:9162: result: yes
configure:9162: checking for inttypes.h
configure:9162: gcc -c -ggdb -fsanitize=address  conftest.c >&5
configure:9162: $? = 0
configure:9162: result: yes
configure:9162: checking for stdint.h
configure:9162: gcc -c -ggdb -fsanitize=address  conftest.c >&5
configure:9162: $? = 0
configure:9162: result: yes
configure:9162: checking for strings.h
configure:9162: gcc -c -ggdb -fsanitize=address  conftest.c >&5
configure:9162: $? = 0
configure:9162: result: yes
configure:9162: checking for sys/stat.h
configure:9162: gcc -c -ggdb -fsanitize=address  conftest.c >&5
configure:9162: $? = 0
configure:9162: result: yes
configure:9162: checking for sys/types.h
configure:9162: gcc -c -ggdb -fsanitize=address  conftest.c >&5
configure:9162: $? = 0
configure:9162: result: yes
configure:9162: checking for unistd.h
configure:9162: gcc -c -ggdb -fsanitize=address  conftest.c >&5
configure:9162: $? = 0
configure:9162: result: yes
configure:9187: checking for dlfcn.h
configure:9187: gcc -c -ggdb -fsanitize=address  conftest.c >&5
configure:9187: $? = 0
configure:9187: result: yes
configure:9446: checking for objdir
configure:9462: result: .libs
configure:9726: checking if gcc supports -fno-rtti -fno-exceptions
configure:9745: gcc -c -ggdb -fsanitize=address  -fno-rtti -fno-exceptions conftest.c >&5
cc1: warning: command-line option '-fno-rtti' is valid for C++/D/ObjC++ but not for C
configure:9749: $? = 0
configure:9762: result: no
configure:10126: checking for gcc option to produce PIC
configure:10134: result: -fPIC -DPIC
configure:10142: checking if gcc PIC flag -fPIC -DPIC works
configure:10161: gcc -c -ggdb -fsanitize=address  -fPIC -DPIC -DPIC conftest.c >&5
configure:10165: $? = 0
configure:10178: result: yes
configure:10207: checking if gcc static flag -static works
configure:10236: result: no
configure:10251: checking if gcc supports -c -o file.o
configure:10273: gcc -c -ggdb -fsanitize=address  -o out/conftest2.o conftest.c >&5
configure:10277: $? = 0
configure:10299: result: yes
configure:10307: checking if gcc supports -c -o file.o
configure:10355: result: yes
configure:10388: checking whether the gcc linker (/usr/bin/ld -m elf_x86_64) supports shared libraries
configure:11662: result: yes
configure:11699: checking whether -lc should be explicitly linked in
configure:11708: gcc -c -ggdb -fsanitize=address  conftest.c >&5
configure:11711: $? = 0
configure:11726: gcc -shared  -fPIC -DPIC conftest.o  -v -Wl,-soname -Wl,conftest -o conftest 2\>\&1 \| /usr/bin/grep  -lc  \>/dev/null 2\>\&1
configure:11729: $? = 0
configure:11743: result: no
configure:11903: checking dynamic linker characteristics
configure:12485: gcc -o conftest -ggdb -fsanitize=address   -Wl,-rpath -Wl,/foo conftest.c  >&5
configure:12485: $? = 0
configure:12736: result: GNU/Linux ld.so
configure:12858: checking how to hardcode library paths into programs
configure:12883: result: immediate
configure:13435: checking whether stripping libraries is possible
configure:13444: result: yes
configure:13486: checking if libtool supports shared libraries
configure:13488: result: yes
configure:13491: checking whether to build shared libraries
configure:13516: result: yes
configure:13519: checking whether to build static libraries
configure:13523: result: yes
configure:14087: checking for zlib
configure:14094: $PKG_CONFIG --exists --print-errors "zlib"
configure:14097: $? = 0
configure:14111: $PKG_CONFIG --exists --print-errors "zlib"
configure:14114: $? = 0
configure:14152: result: yes
configure:14240: checking for liblzma
configure:14247: $PKG_CONFIG --exists --print-errors "liblzma"
configure:14250: $? = 0
configure:14264: $PKG_CONFIG --exists --print-errors "liblzma"
configure:14267: $? = 0
configure:14305: result: yes
configure:14387: checking for dirent.h that defines DIR
configure:14407: gcc -c -ggdb -fsanitize=address  conftest.c >&5
configure:14407: $? = 0
configure:14416: result: yes
configure:14430: checking for library containing opendir
configure:14460: gcc -o conftest -ggdb -fsanitize=address   conftest.c  >&5
configure:14460: $? = 0
configure:14480: result: none required
configure:14554: checking for egrep
configure:14622: result: /usr/bin/grep -E
configure:14628: checking for fcntl.h
configure:14628: gcc -c -ggdb -fsanitize=address  conftest.c >&5
configure:14628: $? = 0
configure:14628: result: yes
configure:14635: checking for unistd.h
configure:14635: result: yes
configure:14642: checking for ctype.h
configure:14642: gcc -c -ggdb -fsanitize=address  conftest.c >&5
configure:14642: $? = 0
configure:14642: result: yes
configure:14649: checking for dirent.h
configure:14649: gcc -c -ggdb -fsanitize=address  conftest.c >&5
configure:14649: $? = 0
configure:14649: result: yes
configure:14656: checking for errno.h
configure:14656: gcc -c -ggdb -fsanitize=address  conftest.c >&5
configure:14656: $? = 0
configure:14656: result: yes
configure:14663: checking for malloc.h
configure:14663: gcc -c -ggdb -fsanitize=address  conftest.c >&5
configure:14663: $? = 0
configure:14663: result: yes
configure:14670: checking for stdarg.h
configure:14670: gcc -c -ggdb -fsanitize=address  conftest.c >&5
configure:14670: $? = 0
configure:14670: result: yes
configure:14677: checking for sys/stat.h
configure:14677: result: yes
configure:14684: checking for sys/types.h
configure:14684: result: yes
configure:14691: checking for stdint.h
configure:14691: result: yes
configure:14698: checking for inttypes.h
configure:14698: result: yes
configure:14705: checking for time.h
configure:14705: gcc -c -ggdb -fsanitize=address  conftest.c >&5
configure:14705: $? = 0
configure:14705: result: yes
configure:14712: checking for math.h
configure:14712: gcc -c -ggdb -fsanitize=address  conftest.c >&5
configure:14712: $? = 0
configure:14712: result: yes
configure:14719: checking for limits.h
configure:14719: gcc -c -ggdb -fsanitize=address  conftest.c >&5
configure:14719: $? = 0
configure:14719: result: yes
configure:14726: checking for float.h
configure:14726: gcc -c -ggdb -fsanitize=address  conftest.c >&5
configure:14726: $? = 0
configure:14726: result: yes
configure:14733: checking for stdlib.h
configure:14733: result: yes
configure:14740: checking for sys/socket.h
configure:14740: gcc -c -ggdb -fsanitize=address  conftest.c >&5
configure:14740: $? = 0
configure:14740: result: yes
configure:14751: checking for netinet/in.h
configure:14751: gcc -c -ggdb -fsanitize=address  conftest.c >&5
configure:14751: $? = 0
configure:14751: result: yes
configure:14762: checking for arpa/inet.h
configure:14762: gcc -c -ggdb -fsanitize=address  conftest.c >&5
configure:14762: $? = 0
configure:14762: result: yes
configure:14776: checking for netdb.h
configure:14776: gcc -c -ggdb -fsanitize=address  conftest.c >&5
configure:14776: $? = 0
configure:14776: result: yes
configure:14783: checking for sys/time.h
configure:14783: gcc -c -ggdb -fsanitize=address  conftest.c >&5
configure:14783: $? = 0
configure:14783: result: yes
configure:14790: checking for sys/select.h
configure:14790: gcc -c -ggdb -fsanitize=address  conftest.c >&5
configure:14790: $? = 0
configure:14790: result: yes
configure:14797: checking for poll.h
configure:14797: gcc -c -ggdb -fsanitize=address  conftest.c >&5
configure:14797: $? = 0
configure:14797: result: yes
configure:14804: checking for sys/mman.h
configure:14804: gcc -c -ggdb -fsanitize=address  conftest.c >&5
configure:14804: $? = 0
configure:14804: result: yes
configure:14811: checking for sys/timeb.h
configure:14811: gcc -c -ggdb -fsanitize=address  conftest.c >&5
configure:14811: $? = 0
configure:14811: result: yes
configure:14818: checking for signal.h
configure:14818: gcc -c -ggdb -fsanitize=address  conftest.c >&5
configure:14818: $? = 0
configure:14818: result: yes
configure:14825: checking for arpa/nameser.h
configure:14825: gcc -c -ggdb -fsanitize=address  conftest.c >&5
configure:14825: $? = 0
configure:14825: result: yes
configure:14836: checking for resolv.h
configure:14836: gcc -c -ggdb -fsanitize=address  conftest.c >&5
configure:14836: $? = 0
configure:14836: result: yes
configure:14853: checking for dl.h
configure:14853: gcc -c -ggdb -fsanitize=address  conftest.c >&5
conftest.c:80:10: fatal error: dl.h: No such file or directory
   80 | #include <dl.h>
      |          ^~~~~~
compilation terminated.
configure:14853: $? = 1
configure: failed program was:
| /* confdefs.h */
| #define PACKAGE_NAME "libxml2"
| #define PACKAGE_TARNAME "libxml2"
| #define PACKAGE_VERSION "2.9.10"
| #define PACKAGE_STRING "libxml2 2.9.10"
| #define PACKAGE_BUGREPORT ""
| #define PACKAGE_URL ""
| #define PACKAGE "libxml2"
| #define VERSION "2.9.10"
| #define HAVE_STDIO_H 1
| #define HAVE_STDLIB_H 1
| #define HAVE_STRING_H 1
| #define HAVE_INTTYPES_H 1
| #define HAVE_STDINT_H 1
| #define HAVE_STRINGS_H 1
| #define HAVE_SYS_STAT_H 1
| #define HAVE_SYS_TYPES_H 1
| #define HAVE_UNISTD_H 1
| #define STDC_HEADERS 1
| #define HAVE_DLFCN_H 1
| #define LT_OBJDIR ".libs/"
| #define HAVE_DIRENT_H 1
| #define HAVE_FCNTL_H 1
| #define HAVE_UNISTD_H 1
| #define HAVE_CTYPE_H 1
| #define HAVE_DIRENT_H 1
| #define HAVE_ERRNO_H 1
| #define HAVE_MALLOC_H 1
| #define HAVE_STDARG_H 1
| #define HAVE_SYS_STAT_H 1
| #define HAVE_SYS_TYPES_H 1
| #define HAVE_STDINT_H 1
| #define HAVE_INTTYPES_H 1
| #define HAVE_TIME_H 1
| #define HAVE_MATH_H 1
| #define HAVE_LIMITS_H 1
| #define HAVE_FLOAT_H 1
| #define HAVE_STDLIB_H 1
| #define HAVE_SYS_SOCKET_H 1
| #define HAVE_NETINET_IN_H 1
| #define HAVE_ARPA_INET_H 1
| #define HAVE_NETDB_H 1
| #define HAVE_SYS_TIME_H 1
| #define HAVE_SYS_SELECT_H 1
| #define HAVE_POLL_H 1
| #define HAVE_SYS_MMAN_H 1
| #define HAVE_SYS_TIMEB_H 1
| #define HAVE_SIGNAL_H 1
| #define HAVE_ARPA_NAMESER_H 1
| #define HAVE_RESOLV_H 1
| /* end confdefs.h.  */
| #include <stddef.h>
| #ifdef HAVE_STDIO_H
| # include <stdio.h>
| #endif
| #ifdef HAVE_STDLIB_H
| # include <stdlib.h>
| #endif
| #ifdef HAVE_STRING_H
| # include <string.h>
| #endif
| #ifdef HAVE_INTTYPES_H
| # include <inttypes.h>
| #endif
| #ifdef HAVE_STDINT_H
| # include <stdint.h>
| #endif
| #ifdef HAVE_STRINGS_H
| # include <strings.h>
| #endif
| #ifdef HAVE_SYS_TYPES_H
| # include <sys/types.h>
| #endif
| #ifdef HAVE_SYS_STAT_H
| # include <sys/stat.h>
| #endif
| #ifdef HAVE_UNISTD_H
| # include <unistd.h>
| #endif
| #include <dl.h>
configure:14853: result: no
configure:14860: checking for dlfcn.h
configure:14860: result: yes
configure:14871: checking for uint32_t
configure:14871: gcc -c -ggdb -fsanitize=address  conftest.c >&5
configure:14871: $? = 0
configure:14871: result: yes
configure:14890: checking for strftime
configure:14890: gcc -o conftest -ggdb -fsanitize=address   conftest.c  >&5
conftest.c:69:6: warning: conflicting types for built-in function 'strftime'; expected 'long unsigned int(char *, long unsigned int,  const char *, const void *)' [-Wbuiltin-declaration-mismatch]
   69 | char strftime ();
      |      ^~~~~~~~
conftest.c:61:1: note: 'strftime' is declared in header '<time.h>'
   60 | #include <limits.h>
   61 | #undef strftime
configure:14890: $? = 0
configure:14890: result: yes
configure:14942: checking for strftime
configure:14942: result: yes
configure:14948: checking for localtime
configure:14948: gcc -o conftest -ggdb -fsanitize=address   conftest.c  >&5
configure:14948: $? = 0
configure:14948: result: yes
configure:14954: checking for gettimeofday
configure:14954: gcc -o conftest -ggdb -fsanitize=address   conftest.c  >&5
configure:14954: $? = 0
configure:14954: result: yes
configure:14960: checking for ftime
configure:14960: gcc -o conftest -ggdb -fsanitize=address   conftest.c  >&5
configure:14960: $? = 0
configure:14960: result: yes
configure:14967: checking for stat
configure:14967: gcc -o conftest -ggdb -fsanitize=address   conftest.c  >&5
configure:14967: $? = 0
configure:14967: result: yes
configure:14973: checking for signal
configure:14973: gcc -o conftest -ggdb -fsanitize=address   conftest.c  >&5
configure:14973: $? = 0
configure:14973: result: yes
configure:14980: checking for rand
configure:14980: gcc -o conftest -ggdb -fsanitize=address   conftest.c  >&5
configure:14980: $? = 0
configure:14980: result: yes
configure:14986: checking for rand_r
configure:14986: gcc -o conftest -ggdb -fsanitize=address   conftest.c  >&5
configure:14986: $? = 0
configure:14986: result: yes
configure:14992: checking for srand
configure:14992: gcc -o conftest -ggdb -fsanitize=address   conftest.c  >&5
configure:14992: $? = 0
configure:14992: result: yes
configure:14998: checking for time
configure:14998: gcc -o conftest -ggdb -fsanitize=address   conftest.c  >&5
configure:14998: $? = 0
configure:14998: result: yes
configure:15005: checking for isascii
configure:15005: gcc -o conftest -ggdb -fsanitize=address   conftest.c  >&5
conftest.c:80:6: warning: conflicting types for built-in function 'isascii'; expected 'int(int)' [-Wbuiltin-declaration-mismatch]
   80 | char isascii ();
      |      ^~~~~~~
configure:15005: $? = 0
configure:15005: result: yes
configure:15011: checking for mmap
configure:15011: gcc -o conftest -ggdb -fsanitize=address   conftest.c  >&5
configure:15011: $? = 0
configure:15011: result: yes
configure:15017: checking for munmap
configure:15017: gcc -o conftest -ggdb -fsanitize=address   conftest.c  >&5
configure:15017: $? = 0
configure:15017: result: yes
configure:15023: checking for putenv
configure:15023: gcc -o conftest -ggdb -fsanitize=address   conftest.c  >&5
configure:15023: $? = 0
configure:15023: result: yes
configure:15033: checking for va_copy
configure:15047: gcc -o conftest -ggdb -fsanitize=address   conftest.c  >&5
configure:15047: $? = 0
configure:15055: result: yes
configure:15093: checking whether va_list is an array type
configure:15106: gcc -c -ggdb -fsanitize=address  conftest.c >&5
configure: In function 'main':
configure:15102:34: error: cast specifies array type
15102 | 
      |                                  ^
configure: failed program was:
#line 15096 "configure"
#include "confdefs.h"

#include <stdarg.h>
void a(va_list * ap) {}
int main(void) {

va_list ap1, ap2; a(&ap1); ap2 = (va_list) ap1
; return 0; }
configure:15116: result: yes
configure:15124: checking for library containing gethostent
configure:15154: gcc -o conftest -ggdb -fsanitize=address   conftest.c  >&5
configure:15154: $? = 0
configure:15174: result: none required
configure:15183: checking for library containing setsockopt
configure:15213: gcc -o conftest -ggdb -fsanitize=address   conftest.c  >&5
configure:15213: $? = 0
configure:15233: result: none required
configure:15242: checking for library containing connect
configure:15272: gcc -o conftest -ggdb -fsanitize=address   conftest.c  >&5
configure:15272: $? = 0
configure:15292: result: none required
configure:15302: checking for type of socket length (socklen_t)
configure:15316: gcc -c -ggdb -fsanitize=address  conftest.c >&5
configure:15319: result: socklen_t *
configure:15386: checking for const gethostbyname() argument
configure:15399: gcc -o conftest -ggdb -fsanitize=address   conftest.c  >&5
configure:15399: $? = 0
configure:15407: result: yes
configure:15419: checking for const send() second argument
configure:15433: gcc -o conftest -ggdb -fsanitize=address   conftest.c  >&5
configure:15433: $? = 0
configure:15441: result: yes
configure:15453: checking whether __attribute__((destructor)) is accepted
configure:15465: gcc -c -ggdb -fsanitize=address  conftest.c >&5
configure:15468: result: yes
configure:15488: checking whether to enable IPv6
configure:15521: gcc -c -ggdb -fsanitize=address  conftest.c >&5
configure:15521: $? = 0
configure:15529: result: yes
configure:15538: checking struct sockaddr::ss_family
configure:15557: gcc -c -ggdb -fsanitize=address  conftest.c >&5
configure:15557: $? = 0
configure:15565: result: yes
configure:15611: checking for getaddrinfo
configure:15611: gcc -o conftest -ggdb -fsanitize=address   conftest.c  >&5
configure:15611: $? = 0
configure:15611: result: yes
configure:15673: checking for isnan
configure:15673: gcc -o conftest -ggdb -fsanitize=address   conftest.c  >&5
conftest.c:93:6: warning: conflicting types for built-in function 'isnan'; expected 'int()' [-Wbuiltin-declaration-mismatch]
   93 | char isnan ();
      |      ^~~~~
conftest.c:85:1: note: 'isnan' is declared in header '<math.h>'
   84 | #include <limits.h>
   85 | #undef isnan
configure:15673: $? = 0
configure:15673: result: yes
configure:15725: checking for isinf
configure:15725: gcc -o conftest -ggdb -fsanitize=address   conftest.c  >&5
conftest.c:94:6: warning: conflicting types for built-in function 'isinf'; expected 'int()' [-Wbuiltin-declaration-mismatch]
   94 | char isinf ();
      |      ^~~~~
conftest.c:86:1: note: 'isinf' is declared in header '<math.h>'
   85 | #include <limits.h>
   86 | #undef isinf
configure:15725: $? = 0
configure:15725: result: yes
configure:15868: checking for python
configure:15891: found /home/rlahlou/.pyenv/shims/python
configure:15903: result: /home/rlahlou/.pyenv/shims/python
configure:16048: checking for shl_load
configure:16048: gcc -o conftest -ggdb -fsanitize=address   conftest.c  >&5
/usr/bin/ld: /tmp/ccIVFll9.o: in function `main':
/mnt/c/Travail/Master/Sem2/SoftSec/testing_ground/libxml2_vuln/conftest.c:106:(.text+0xe): undefined reference to `shl_load'
collect2: error: ld returned 1 exit status
configure:16048: $? = 1
configure: failed program was:
| /* confdefs.h */
| #define PACKAGE_NAME "libxml2"
| #define PACKAGE_TARNAME "libxml2"
| #define PACKAGE_VERSION "2.9.10"
| #define PACKAGE_STRING "libxml2 2.9.10"
| #define PACKAGE_BUGREPORT ""
| #define PACKAGE_URL ""
| #define PACKAGE "libxml2"
| #define VERSION "2.9.10"
| #define HAVE_STDIO_H 1
| #define HAVE_STDLIB_H 1
| #define HAVE_STRING_H 1
| #define HAVE_INTTYPES_H 1
| #define HAVE_STDINT_H 1
| #define HAVE_STRINGS_H 1
| #define HAVE_SYS_STAT_H 1
| #define HAVE_SYS_TYPES_H 1
| #define HAVE_UNISTD_H 1
| #define STDC_HEADERS 1
| #define HAVE_DLFCN_H 1
| #define LT_OBJDIR ".libs/"
| #define HAVE_DIRENT_H 1
| #define HAVE_FCNTL_H 1
| #define HAVE_UNISTD_H 1
| #define HAVE_CTYPE_H 1
| #define HAVE_DIRENT_H 1
| #define HAVE_ERRNO_H 1
| #define HAVE_MALLOC_H 1
| #define HAVE_STDARG_H 1
| #define HAVE_SYS_STAT_H 1
| #define HAVE_SYS_TYPES_H 1
| #define HAVE_STDINT_H 1
| #define HAVE_INTTYPES_H 1
| #define HAVE_TIME_H 1
| #define HAVE_MATH_H 1
| #define HAVE_LIMITS_H 1
| #define HAVE_FLOAT_H 1
| #define HAVE_STDLIB_H 1
| #define HAVE_SYS_SOCKET_H 1
| #define HAVE_NETINET_IN_H 1
| #define HAVE_ARPA_INET_H 1
| #define HAVE_NETDB_H 1
| #define HAVE_SYS_TIME_H 1
| #define HAVE_SYS_SELECT_H 1
| #define HAVE_POLL_H 1
| #define HAVE_SYS_MMAN_H 1
| #define HAVE_SYS_TIMEB_H 1
| #define HAVE_SIGNAL_H 1
| #define HAVE_ARPA_NAMESER_H 1
| #define HAVE_RESOLV_H 1
| #define HAVE_DLFCN_H 1
| #define HAVE_STRFTIME 1
| #define HAVE_STRFTIME 1
| #define HAVE_LOCALTIME 1
| #define HAVE_GETTIMEOFDAY 1
| #define HAVE_FTIME 1
| #define HAVE_STAT 1
| #define HAVE_SIGNAL 1
| #define HAVE_RAND 1
| #define HAVE_RAND_R 1
| #define HAVE_SRAND 1
| #define HAVE_TIME 1
| #define HAVE_ISASCII 1
| #define HAVE_MMAP 1
| #define HAVE_MUNMAP 1
| #define HAVE_PUTENV 1
| #define HAVE_VA_COPY 1
| #define VA_LIST_IS_ARRAY 1
| #define XML_SOCKLEN_T socklen_t
| #define GETHOSTBYNAME_ARG_CAST /**/
| #define SEND_ARG2_CAST /**/
| #define HAVE_ATTRIBUTE_DESTRUCTOR 1
| #define ATTRIBUTE_DESTRUCTOR __attribute__((destructor))
| #define SUPPORT_IP6 /**/
| #define HAVE_GETADDRINFO /**/
| #define HAVE_ISNAN /**/
| #define HAVE_ISINF /**/
| /* end confdefs.h.  */
| /* Define shl_load to an innocuous variant, in case <limits.h> declares shl_load.
|    For example, HP-UX 11i <limits.h> declares gettimeofday.  */
| #define shl_load innocuous_shl_load
| 
| /* System header to define __stub macros and hopefully few prototypes,
|    which can conflict with char shl_load (); below.  */
| 
| #include <limits.h>
| #undef shl_load
| 
| /* Override any GCC internal prototype to avoid an error.
|    Use char because int might match the return type of a GCC
|    builtin and then its argument prototype would still apply.  */
| #ifdef __cplusplus
| extern "C"
| #endif
| char shl_load ();
| /* The GNU C library defines this for functions which it implements
|     to always fail with ENOSYS.  Some functions are actually named
|     something starting with __ and the normal name is an alias.  */
| #if defined __stub_shl_load || defined __stub___shl_load
| choke me
| #endif
| 
| int
| main (void)
| {
| return shl_load ();
|   ;
|   return 0;
| }
configure:16048: result: no
configure:16054: checking for shl_load in -ldld
configure:16077: gcc -o conftest -ggdb -fsanitize=address   conftest.c -ldld   >&5
/usr/bin/ld: cannot find -ldld: No such file or directory
collect2: error: ld returned 1 exit status
configure:16077: $? = 1
configure: failed program was:
| /* confdefs.h */
| #define PACKAGE_NAME "libxml2"
| #define PACKAGE_TARNAME "libxml2"
| #define PACKAGE_VERSION "2.9.10"
| #define PACKAGE_STRING "libxml2 2.9.10"
| #define PACKAGE_BUGREPORT ""
| #define PACKAGE_URL ""
| #define PACKAGE "libxml2"
| #define VERSION "2.9.10"
| #define HAVE_STDIO_H 1
| #define HAVE_STDLIB_H 1
| #define HAVE_STRING_H 1
| #define HAVE_INTTYPES_H 1
| #define HAVE_STDINT_H 1
| #define HAVE_STRINGS_H 1
| #define HAVE_SYS_STAT_H 1
| #define HAVE_SYS_TYPES_H 1
| #define HAVE_UNISTD_H 1
| #define STDC_HEADERS 1
| #define HAVE_DLFCN_H 1
| #define LT_OBJDIR ".libs/"
| #define HAVE_DIRENT_H 1
| #define HAVE_FCNTL_H 1
| #define HAVE_UNISTD_H 1
| #define HAVE_CTYPE_H 1
| #define HAVE_DIRENT_H 1
| #define HAVE_ERRNO_H 1
| #define HAVE_MALLOC_H 1
| #define HAVE_STDARG_H 1
| #define HAVE_SYS_STAT_H 1
| #define HAVE_SYS_TYPES_H 1
| #define HAVE_STDINT_H 1
| #define HAVE_INTTYPES_H 1
| #define HAVE_TIME_H 1
| #define HAVE_MATH_H 1
| #define HAVE_LIMITS_H 1
| #define HAVE_FLOAT_H 1
| #define HAVE_STDLIB_H 1
| #define HAVE_SYS_SOCKET_H 1
| #define HAVE_NETINET_IN_H 1
| #define HAVE_ARPA_INET_H 1
| #define HAVE_NETDB_H 1
| #define HAVE_SYS_TIME_H 1
| #define HAVE_SYS_SELECT_H 1
| #define HAVE_POLL_H 1
| #define HAVE_SYS_MMAN_H 1
| #define HAVE_SYS_TIMEB_H 1
| #define HAVE_SIGNAL_H 1
| #define HAVE_ARPA_NAMESER_H 1
| #define HAVE_RESOLV_H 1
| #define HAVE_DLFCN_H 1
| #define HAVE_STRFTIME 1
| #define HAVE_STRFTIME 1
| #define HAVE_LOCALTIME 1
| #define HAVE_GETTIMEOFDAY 1
| #define HAVE_FTIME 1
| #define HAVE_STAT 1
| #define HAVE_SIGNAL 1
| #define HAVE_RAND 1
| #define HAVE_RAND_R 1
| #define HAVE_SRAND 1
| #define HAVE_TIME 1
| #define HAVE_ISASCII 1
| #define HAVE_MMAP 1
| #define HAVE_MUNMAP 1
| #define HAVE_PUTENV 1
| #define HAVE_VA_COPY 1
| #define VA_LIST_IS_ARRAY 1
| #define XML_SOCKLEN_T socklen_t
| #define GETHOSTBYNAME_ARG_CAST /**/
| #define SEND_ARG2_CAST /**/
| #define HAVE_ATTRIBUTE_DESTRUCTOR 1
| #define ATTRIBUTE_DESTRUCTOR __attribute__((destructor))
| #define SUPPORT_IP6 /**/
| #define HAVE_GETADDRINFO /**/
| #define HAVE_ISNAN /**/
| #define HAVE_ISINF /**/
| /* end confdefs.h.  */
| 
| /* Override any GCC internal prototype to avoid an error.
|    Use char because int might match the return type of a GCC
|    builtin and then its argument prototype would still apply.  */
| char shl_load ();
| int
| main (void)
| {
| return shl_load ();
|   ;
|   return 0;
| }
configure:16087: result: no
configure:16096: checking for dlopen
configure:16096: gcc -o conftest -ggdb -fsanitize=address   conftest.c  >&5
configure:16096: $? = 0
configure:16096: result: yes
configure:16255: checking for pthread.h
configure:16255: gcc -c -ggdb -fsanitize=address  conftest.c >&5
configure:16255: $? = 0
configure:16255: result: yes
configure:16258: checking for pthread_join in -lpthread
configure:16281: gcc -o conftest -ggdb -fsanitize=address   conftest.c -lpthread   >&5
configure:16281: $? = 0
configure:16291: result: yes
configure:16801: checking for iconv.h
configure:16801: gcc -c -ggdb -fsanitize=address  conftest.c >&5
configure:16801: $? = 0
configure:16801: result: yes
configure:16804: checking for iconv
configure:16820: gcc -o conftest -ggdb -fsanitize=address   conftest.c  >&5
configure:16820: $? = 0
configure:16823: result: yes
configure:16877: checking for iconv declaration
configure:16906: gcc -c -ggdb -fsanitize=address  conftest.c >&5
configure:16906: $? = 0
configure:16917: result: 
	extern size_t iconv (iconv_t cd,  char * *inbuf, size_t *inbytesleft, char * *outbuf, size_t *outbytesleft);
configure:17228: checking for printf
configure:17228: gcc -o conftest -ggdb -fsanitize=address   conftest.c  >&5
conftest.c:99:6: warning: conflicting types for built-in function 'printf'; expected 'int(const char *, ...)' [-Wbuiltin-declaration-mismatch]
   99 | char printf ();
      |      ^~~~~~
conftest.c:91:1: note: 'printf' is declared in header '<stdio.h>'
   90 | #include <limits.h>
   91 | #undef printf
configure:17228: $? = 0
configure:17228: result: yes
configure:17228: checking for sprintf
configure:17228: gcc -o conftest -ggdb -fsanitize=address   conftest.c  >&5
conftest.c:100:6: warning: conflicting types for built-in function 'sprintf'; expected 'int(char *, const char *, ...)' [-Wbuiltin-declaration-mismatch]
  100 | char sprintf ();
      |      ^~~~~~~
conftest.c:92:1: note: 'sprintf' is declared in header '<stdio.h>'
   91 | #include <limits.h>
   92 | #undef sprintf
configure:17228: $? = 0
configure:17228: result: yes
configure:17228: checking for fprintf
configure:17228: gcc -o conftest -ggdb -fsanitize=address   conftest.c  >&5
conftest.c:101:6: warning: conflicting types for built-in function 'fprintf'; expected 'int(void *, const char *, ...)' [-Wbuiltin-declaration-mismatch]
  101 | char fprintf ();
      |      ^~~~~~~
conftest.c:93:1: note: 'fprintf' is declared in header '<stdio.h>'
   92 | #include <limits.h>
   93 | #undef fprintf
configure:17228: $? = 0
configure:17228: result: yes
configure:17228: checking for snprintf
configure:17228: gcc -o conftest -ggdb -fsanitize=address   conftest.c  >&5
conftest.c:102:6: warning: conflicting types for built-in function 'snprintf'; expected 'int(char *, long unsigned int,  const char *, ...)' [-Wbuiltin-declaration-mismatch]
  102 | char snprintf ();
      |      ^~~~~~~~
conftest.c:94:1: note: 'snprintf' is declared in header '<stdio.h>'
   93 | #include <limits.h>
   94 | #undef snprintf
configure:17228: $? = 0
configure:17228: result: yes
configure:17228: checking for vfprintf
configure:17228: gcc -o conftest -ggdb -fsanitize=address   conftest.c  >&5
conftest.c:103:6: warning: conflicting types for built-in function 'vfprintf'; expected 'int(void *, const char *, __va_list_tag *)' [-Wbuiltin-declaration-mismatch]
  103 | char vfprintf ();
      |      ^~~~~~~~
conftest.c:95:1: note: 'vfprintf' is declared in header '<stdio.h>'
   94 | #include <limits.h>
   95 | #undef vfprintf
configure:17228: $? = 0
configure:17228: result: yes
configure:17228: checking for vsprintf
configure:17228: gcc -o conftest -ggdb -fsanitize=address   conftest.c  >&5
conftest.c:104:6: warning: conflicting types for built-in function 'vsprintf'; expected 'int(char *, const char *, __va_list_tag *)' [-Wbuiltin-declaration-mismatch]
  104 | char vsprintf ();
      |      ^~~~~~~~
conftest.c:96:1: note: 'vsprintf' is declared in header '<stdio.h>'
   95 | #include <limits.h>
   96 | #undef vsprintf
configure:17228: $? = 0
configure:17228: result: yes
configure:17228: checking for vsnprintf
configure:17228: gcc -o conftest -ggdb -fsanitize=address   conftest.c  >&5
conftest.c:105:6: warning: conflicting types for built-in function 'vsnprintf'; expected 'int(char *, long unsigned int,  const char *, __va_list_tag *)' [-Wbuiltin-declaration-mismatch]
  105 | char vsnprintf ();
      |      ^~~~~~~~~
conftest.c:97:1: note: 'vsnprintf' is declared in header '<stdio.h>'
   96 | #include <limits.h>
   97 | #undef vsnprintf
configure:17228: $? = 0
configure:17228: result: yes
configure:17228: checking for sscanf
configure:17228: gcc -o conftest -ggdb -fsanitize=address   conftest.c  >&5
conftest.c:106:6: warning: conflicting types for built-in function 'sscanf'; expected 'int(const char *, const char *, ...)' [-Wbuiltin-declaration-mismatch]
  106 | char sscanf ();
      |      ^~~~~~
conftest.c:98:1: note: 'sscanf' is declared in header '<stdio.h>'
   97 | #include <limits.h>
   98 | #undef sscanf
configure:17228: $? = 0
configure:17228: result: yes
configure:17392: checking that generated files are newer than configure
configure:17398: result: done
configure:17445: creating ./config.status

## ---------------------- ##
## Running config.status. ##
## ---------------------- ##

This file was extended by libxml2 config.status 2.9.10, which was
generated by GNU Autoconf 2.71.  Invocation command line was

  CONFIG_FILES    = 
  CONFIG_HEADERS  = 
  CONFIG_LINKS    = 
  CONFIG_COMMANDS = 
  $ ./config.status 

on UnknownDevice

config.status:1303: creating libxml2.spec
config.status:1303: creating Makefile
config.status:1303: creating include/Makefile
config.status:1303: creating include/libxml/Makefile
config.status:1303: creating doc/Makefile
config.status:1303: creating doc/examples/Makefile
config.status:1303: creating doc/devhelp/Makefile
config.status:1303: creating example/Makefile
config.status:1303: creating fuzz/Makefile
config.status:1303: creating python/Makefile
config.status:1303: creating python/tests/Makefile
config.status:1303: creating xstc/Makefile
config.status:1303: creating include/libxml/xmlversion.h
config.status:1303: creating libxml-2.0.pc
config.status:1303: creating libxml-2.0-uninstalled.pc
config.status:1303: creating libxml2-config.cmake
config.status:1303: creating python/setup.py
config.status:1303: creating xml2-config
config.status:1303: creating config.h
config.status:1484: config.h is unchanged
config.status:1532: executing depfiles commands
config.status:1609: cd .       && sed -e '/# am--include-marker/d' Makefile         | make -f - am--depfiles
make: Nothing to be done for 'am--depfiles'.
config.status:1614: $? = 0
config.status:1609: cd doc/examples       && sed -e '/# am--include-marker/d' Makefile         | make -f - am--depfiles
make: Nothing to be done for 'am--depfiles'.
config.status:1614: $? = 0
config.status:1609: cd example       && sed -e '/# am--include-marker/d' Makefile         | make -f - am--depfiles
make: Nothing to be done for 'am--depfiles'.
config.status:1614: $? = 0
config.status:1609: cd fuzz       && sed -e '/# am--include-marker/d' Makefile         | make -f - am--depfiles
make: Nothing to be done for 'am--depfiles'.
config.status:1614: $? = 0
config.status:1609: cd python       && sed -e '/# am--include-marker/d' Makefile         | make -f - am--depfiles
make: Nothing to be done for 'am--depfiles'.
config.status:1614: $? = 0
config.status:1532: executing libtool commands

## ---------------- ##
## Cache variables. ##
## ---------------- ##

ac_cv_build=x86_64-pc-linux-gnu
ac_cv_c_compiler_gnu=yes
ac_cv_c_uint32_t=yes
ac_cv_env_CC_set=
ac_cv_env_CC_value=
ac_cv_env_CFLAGS_set=set
ac_cv_env_CFLAGS_value='-ggdb -fsanitize=address'
ac_cv_env_CPPFLAGS_set=
ac_cv_env_CPPFLAGS_value=
ac_cv_env_CPP_set=
ac_cv_env_CPP_value=
ac_cv_env_ICU_CFLAGS_set=
ac_cv_env_ICU_CFLAGS_value=
ac_cv_env_ICU_LIBS_set=
ac_cv_env_ICU_LIBS_value=
ac_cv_env_LDFLAGS_set=
ac_cv_env_LDFLAGS_value=
ac_cv_env_LIBS_set=
ac_cv_env_LIBS_value=
ac_cv_env_LT_SYS_LIBRARY_PATH_set=
ac_cv_env_LT_SYS_LIBRARY_PATH_value=
ac_cv_env_LZMA_CFLAGS_set=
ac_cv_env_LZMA_CFLAGS_value=
ac_cv_env_LZMA_LIBS_set=
ac_cv_env_LZMA_LIBS_value=
ac_cv_env_PKG_CONFIG_LIBDIR_set=
ac_cv_env_PKG_CONFIG_LIBDIR_value=
ac_cv_env_PKG_CONFIG_PATH_set=
ac_cv_env_PKG_CONFIG_PATH_value=
ac_cv_env_PKG_CONFIG_set=
ac_cv_env_PKG_CONFIG_value=
ac_cv_env_Z_CFLAGS_set=
ac_cv_env_Z_CFLAGS_value=
ac_cv_env_Z_LIBS_set=
ac_cv_env_Z_LIBS_value=
ac_cv_env_build_alias_set=
ac_cv_env_build_alias_value=
ac_cv_env_host_alias_set=
ac_cv_env_host_alias_value=
ac_cv_env_target_alias_set=
ac_cv_env_target_alias_value=
ac_cv_func_dlopen=yes
ac_cv_func_fprintf=yes
ac_cv_func_ftime=yes
ac_cv_func_getaddrinfo=yes
ac_cv_func_gettimeofday=yes
ac_cv_func_isascii=yes
ac_cv_func_isinf=yes
ac_cv_func_isnan=yes
ac_cv_func_localtime=yes
ac_cv_func_mmap=yes
ac_cv_func_munmap=yes
ac_cv_func_printf=yes
ac_cv_func_putenv=yes
ac_cv_func_rand=yes
ac_cv_func_rand_r=yes
ac_cv_func_shl_load=no
ac_cv_func_signal=yes
ac_cv_func_snprintf=yes
ac_cv_func_sprintf=yes
ac_cv_func_srand=yes
ac_cv_func_sscanf=yes
ac_cv_func_stat=yes
ac_cv_func_strftime=yes
ac_cv_func_time=yes
ac_cv_func_vfprintf=yes
ac_cv_func_vsnprintf=yes
ac_cv_func_vsprintf=yes
ac_cv_header_arpa_inet_h=yes
ac_cv_header_arpa_nameser_h=yes
ac_cv_header_ctype_h=yes
ac_cv_header_dirent_dirent_h=yes
ac_cv_header_dirent_h=yes
ac_cv_header_dl_h=no
ac_cv_header_dlfcn_h=yes
ac_cv_header_errno_h=yes
ac_cv_header_fcntl_h=yes
ac_cv_header_float_h=yes
ac_cv_header_iconv_h=yes
ac_cv_header_inttypes_h=yes
ac_cv_header_limits_h=yes
ac_cv_header_malloc_h=yes
ac_cv_header_math_h=yes
ac_cv_header_netdb_h=yes
ac_cv_header_netinet_in_h=yes
ac_cv_header_poll_h=yes
ac_cv_header_pthread_h=yes
ac_cv_header_resolv_h=yes
ac_cv_header_signal_h=yes
ac_cv_header_stdarg_h=yes
ac_cv_header_stdint_h=yes
ac_cv_header_stdio_h=yes
ac_cv_header_stdlib_h=yes
ac_cv_header_string_h=yes
ac_cv_header_strings_h=yes
ac_cv_header_sys_mman_h=yes
ac_cv_header_sys_select_h=yes
ac_cv_header_sys_socket_h=yes
ac_cv_header_sys_stat_h=yes
ac_cv_header_sys_time_h=yes
ac_cv_header_sys_timeb_h=yes
ac_cv_header_sys_types_h=yes
ac_cv_header_time_h=yes
ac_cv_header_unistd_h=yes
ac_cv_host=x86_64-pc-linux-gnu
ac_cv_lib_dld_shl_load=no
ac_cv_lib_pthread_pthread_join=yes
ac_cv_objext=o
ac_cv_path_EGREP='/usr/bin/grep -E'
ac_cv_path_FGREP='/usr/bin/grep -F'
ac_cv_path_GREP=/usr/bin/grep
ac_cv_path_MV=/usr/bin/mv
ac_cv_path_PERL=/usr/bin/perl
ac_cv_path_PYTHON=/home/rlahlou/.pyenv/shims/python
ac_cv_path_SED=/usr/bin/sed
ac_cv_path_TAR=/usr/bin/tar
ac_cv_path_WGET=/usr/bin/wget
ac_cv_path_XMLLINT=/usr/bin/xmllint
ac_cv_path_XSLTPROC=/usr/bin/xsltproc
ac_cv_path_ac_pt_PKG_CONFIG=/usr/bin/pkg-config
ac_cv_path_install='/usr/bin/install -c'
ac_cv_path_lt_DD=/usr/bin/dd
ac_cv_path_mkdir=/usr/bin/mkdir
ac_cv_prog_AWK=gawk
ac_cv_prog_CPP='gcc -E'
ac_cv_prog_ac_ct_AR=ar
ac_cv_prog_ac_ct_CC=gcc
ac_cv_prog_ac_ct_FILECMD=file
ac_cv_prog_ac_ct_OBJDUMP=objdump
ac_cv_prog_ac_ct_RANLIB=ranlib
ac_cv_prog_ac_ct_STRIP=strip
ac_cv_prog_cc_c11=
ac_cv_prog_cc_g=yes
ac_cv_prog_cc_stdc=
ac_cv_prog_make_make_set=yes
ac_cv_search_connect='none required'
ac_cv_search_gethostent='none required'
ac_cv_search_opendir='none required'
ac_cv_search_setsockopt='none required'
am_cv_CC_dependencies_compiler_type=gcc3
am_cv_make_support_nested_variables=yes
am_cv_prog_cc_c_o=yes
lt_cv_ar_at_file=@
lt_cv_archive_cmds_need_lc=no
lt_cv_deplibs_check_method=pass_all
lt_cv_file_magic_cmd='$MAGIC_CMD'
lt_cv_file_magic_test_file=
lt_cv_ld_reload_flag=-r
lt_cv_nm_interface='BSD nm'
lt_cv_objdir=.libs
lt_cv_path_LD=/usr/bin/ld
lt_cv_path_NM='/usr/bin/nm -B'
lt_cv_path_mainfest_tool=no
lt_cv_prog_compiler_c_o=yes
lt_cv_prog_compiler_pic='-fPIC -DPIC'
lt_cv_prog_compiler_pic_works=yes
lt_cv_prog_compiler_rtti_exceptions=no
lt_cv_prog_compiler_static_works=no
lt_cv_prog_gnu_ld=yes
lt_cv_sharedlib_from_linklib_cmd='printf %s\n'
lt_cv_shlibpath_overrides_runpath=yes
lt_cv_sys_global_symbol_pipe='/usr/bin/sed -n -e '\''s/^.*[	 ]\([ABCDGIRSTW][ABCDGIRSTW]*\)[	 ][	 ]*\([_A-Za-z][_A-Za-z0-9]*\)$/\1 \2 \2/p'\'' | /usr/bin/sed '\''/ __gnu_lto/d'\'''
lt_cv_sys_global_symbol_to_c_name_address='/usr/bin/sed -n -e '\''s/^: \(.*\) .*$/  {"\1", (void *) 0},/p'\'' -e '\''s/^[ABCDGIRSTW][ABCDGIRSTW]* .* \(.*\)$/  {"\1", (void *) \&\1},/p'\'''
lt_cv_sys_global_symbol_to_c_name_address_lib_prefix='/usr/bin/sed -n -e '\''s/^: \(.*\) .*$/  {"\1", (void *) 0},/p'\'' -e '\''s/^[ABCDGIRSTW][ABCDGIRSTW]* .* \(lib.*\)$/  {"\1", (void *) \&\1},/p'\'' -e '\''s/^[ABCDGIRSTW][ABCDGIRSTW]* .* \(.*\)$/  {"lib\1", (void *) \&\1},/p'\'''
lt_cv_sys_global_symbol_to_cdecl='/usr/bin/sed -n -e '\''s/^T .* \(.*\)$/extern int \1();/p'\'' -e '\''s/^[ABCDGIRSTW][ABCDGIRSTW]* .* \(.*\)$/extern char \1;/p'\'''
lt_cv_sys_global_symbol_to_import=
lt_cv_sys_max_cmd_len=1572864
lt_cv_to_host_file_cmd=func_convert_file_noop
lt_cv_to_tool_file_cmd=func_convert_file_noop
lt_cv_truncate_bin='/usr/bin/dd bs=4096 count=1'
pkg_cv_LZMA_CFLAGS=
pkg_cv_LZMA_LIBS='-llzma '
pkg_cv_Z_CFLAGS=
pkg_cv_Z_LIBS='-lz '
xml_cv_iconv_arg2=
xml_cv_iconv_decl='extern size_t iconv (iconv_t cd,  char * *inbuf, size_t *inbytesleft, char * *outbuf, size_t *outbytesleft);'

## ----------------- ##
## Output variables. ##
## ----------------- ##

ACLOCAL='${SHELL} '\''/mnt/c/Travail/Master/Sem2/SoftSec/testing_ground/libxml2_vuln/missing'\'' aclocal-1.16'
AMDEPBACKSLASH='\'
AMDEP_FALSE='#'
AMDEP_TRUE=''
AMTAR='$${TAR-tar}'
AM_BACKSLASH='\'
AM_DEFAULT_V='$(AM_DEFAULT_VERBOSITY)'
AM_DEFAULT_VERBOSITY='0'
AM_V='$(V)'
AR='ar'
AUTOCONF='${SHELL} '\''/mnt/c/Travail/Master/Sem2/SoftSec/testing_ground/libxml2_vuln/missing'\'' autoconf'
AUTOHEADER='${SHELL} '\''/mnt/c/Travail/Master/Sem2/SoftSec/testing_ground/libxml2_vuln/missing'\'' autoheader'
AUTOMAKE='${SHELL} '\''/mnt/c/Travail/Master/Sem2/SoftSec/testing_ground/libxml2_vuln/missing'\'' automake-1.16'
AWK='gawk'
BASE_THREAD_LIBS='-lpthread'
C14N_OBJ='c14n.c'
CATALOG_OBJ='catalog.o'
CC='gcc'
CCDEPMODE='depmode=gcc3'
CFLAGS='-ggdb -fsanitize=address'
CPP='gcc -E'
CPPFLAGS=''
CSCOPE='cscope'
CTAGS='ctags'
CYGPATH_W='echo'
CYGWIN_EXTRA_LDFLAGS=''
CYGWIN_EXTRA_PYTHON_LIBADD=''
DEBUG_OBJ='debugXML.o'
DEFS='-DHAVE_CONFIG_H'
DEPDIR='.deps'
DLLTOOL='false'
DOCB_OBJ='DOCBparser.o'
DSYMUTIL=''
DUMPBIN=''
ECHO_C=''
ECHO_N='-n'
ECHO_T=''
EGREP='/usr/bin/grep -E'
ETAGS='etags'
EXEEXT=''
EXTRA_CFLAGS=' -pedantic -Wall -Wextra -Wshadow -Wpointer-arith -Wcast-align -Wwrite-strings -Waggregate-return -Wstrict-prototypes -Wmissing-prototypes -Wnested-externs -Winline -Wredundant-decls -Wno-long-long -Wno-format-extra-args'
FGREP='/usr/bin/grep -F'
FILECMD='file'
FTP_OBJ='nanoftp.o'
GREP='/usr/bin/grep'
HAVE_ISINF=''
HAVE_ISNAN=''
HTML_DIR='$(datadir)/doc/$(PACKAGE)-$(VERSION)/html'
HTML_OBJ='HTMLparser.o HTMLtree.o'
HTTP_OBJ='nanohttp.o'
ICONV_LIBS=''
ICU_CFLAGS=''
ICU_LIBS=''
INSTALL_DATA='${INSTALL} -m 644'
INSTALL_PROGRAM='${INSTALL}'
INSTALL_SCRIPT='${INSTALL}'
INSTALL_STRIP_PROGRAM='$(install_sh) -c -s'
LD='/usr/bin/ld -m elf_x86_64'
LDFLAGS=''
LIBOBJS=''
LIBS=''
LIBTOOL='$(SHELL) $(top_builddir)/libtool'
LIBXML_MAJOR_VERSION='2'
LIBXML_MICRO_VERSION='10'
LIBXML_MINOR_VERSION='9'
LIBXML_VERSION='2.9.10'
LIBXML_VERSION_EXTRA=''
LIBXML_VERSION_INFO='11:10:9'
LIBXML_VERSION_NUMBER='20910'
LIPO=''
LN_S='ln -s'
LTLIBOBJS=''
LT_SYS_LIBRARY_PATH=''
LZMA_CFLAGS=''
LZMA_LIBS='-llzma '
MAINT=''
MAINTAINER_MODE_FALSE='#'
MAINTAINER_MODE_TRUE=''
MAKEINFO='${SHELL} '\''/mnt/c/Travail/Master/Sem2/SoftSec/testing_ground/libxml2_vuln/missing'\'' makeinfo'
MANIFEST_TOOL=':'
MKDIR_P='/usr/bin/mkdir -p'
MODULE_EXTENSION='.so'
MODULE_PLATFORM_LIBS=''
MV='/usr/bin/mv'
M_LIBS='-lm'
NM='/usr/bin/nm -B'
NMEDIT=''
OBJDUMP='objdump'
OBJEXT='o'
OTOOL64=''
OTOOL=''
PACKAGE='libxml2'
PACKAGE_BUGREPORT=''
PACKAGE_NAME='libxml2'
PACKAGE_STRING='libxml2 2.9.10'
PACKAGE_TARNAME='libxml2'
PACKAGE_URL=''
PACKAGE_VERSION='2.9.10'
PATH_SEPARATOR=':'
PERL='/usr/bin/perl'
PKG_CONFIG='/usr/bin/pkg-config'
PKG_CONFIG_LIBDIR=''
PKG_CONFIG_PATH=''
PYTHON='/home/rlahlou/.pyenv/shims/python'
PYTHON_INCLUDES='/home/rlahlou/.pyenv/versions/3.10.13/include/python3.10'
PYTHON_LIBS=' -L/home/rlahlou/.pyenv/versions/3.10.13/lib  -lcrypt -ldl -L/home/rlahlou/.pyenv/versions/3.10.13/lib -Wl,-rpath,/home/rlahlou/.pyenv/versions/3.10.13/lib -lm -lm '
PYTHON_SITE_PACKAGES='/home/rlahlou/.pyenv/versions/3.10.13/lib/python3.10/site-packages'
PYTHON_SUBDIR='python'
PYTHON_TESTS=' RelaxNGPythonTests SchemasPythonTests'
PYTHON_VERSION='3.10'
RANLIB='ranlib'
RDL_LIBS=''
READER_TEST='Readertests'
REBUILD_DOCS_FALSE=''
REBUILD_DOCS_TRUE='#'
RELDATE='Thu May 15 2025'
SED='/usr/bin/sed'
SET_MAKE=''
SHELL='/bin/bash'
STATIC_BINARIES=''
STRIP='strip'
TAR='/usr/bin/tar'
TEST_C14N='C14Ntests'
TEST_CATALOG='Catatests'
TEST_DEBUG='Scripttests'
TEST_HTML='HTMLtests'
TEST_MODULES='ModuleTests'
TEST_PATTERN='Patterntests'
TEST_PHTML='HTMLPushtests'
TEST_PUSH='XMLPushtests'
TEST_REGEXPS='Regexptests Automatatests'
TEST_SAX='SAXtests'
TEST_SCHEMAS='Schemastests Relaxtests'
TEST_SCHEMATRON='Schematrontests'
TEST_THREADS='Threadtests'
TEST_VALID='Validtests'
TEST_VTIME='VTimingtests'
TEST_XINCLUDE='XIncludetests'
TEST_XPATH='XPathtests'
TEST_XPTR='XPtrtests'
THREADS_W32_FALSE=''
THREADS_W32_TRUE='#'
THREAD_CFLAGS=' -D_REENTRANT'
THREAD_LIBS=''
USE_VERSION_SCRIPT_FALSE='#'
USE_VERSION_SCRIPT_TRUE=''
VERSION='2.9.10'
VERSION_SCRIPT_FLAGS='-Wl,--version-script='
WGET='/usr/bin/wget'
WIN32_EXTRA_LDFLAGS=''
WIN32_EXTRA_LIBADD=''
WIN32_EXTRA_PYTHON_LIBADD=''
WITH_C14N='1'
WITH_CATALOG='1'
WITH_DEBUG='1'
WITH_DOCB='1'
WITH_FTP='1'
WITH_HTML='1'
WITH_HTTP='1'
WITH_ICONV='1'
WITH_ICU='0'
WITH_ISO8859X='1'
WITH_LEGACY='1'
WITH_LZMA='1'
WITH_MEM_DEBUG='0'
WITH_MODULES='1'
WITH_OUTPUT='1'
WITH_PATTERN='1'
WITH_PUSH='1'
WITH_PYTHON_FALSE='#'
WITH_PYTHON_TRUE=''
WITH_READER='1'
WITH_REGEXPS='1'
WITH_RUN_DEBUG='0'
WITH_SAX1='1'
WITH_SAX1_SOURCES_FALSE=''
WITH_SAX1_SOURCES_TRUE='#'
WITH_SCHEMAS='1'
WITH_SCHEMATRON='1'
WITH_THREADS='1'
WITH_THREAD_ALLOC='0'
WITH_TREE='1'
WITH_TRIO='0'
WITH_TRIO_SOURCES_FALSE=''
WITH_TRIO_SOURCES_TRUE='#'
WITH_VALID='1'
WITH_WRITER='1'
WITH_XINCLUDE='1'
WITH_XPATH='1'
WITH_XPTR='1'
WITH_ZLIB='1'
XINCLUDE_OBJ='xinclude.o'
XMLLINT='/usr/bin/xmllint'
XML_CFLAGS=''
XML_INCLUDEDIR='-I${includedir}/libxml2'
XML_LIBDIR='-L${libdir}'
XML_LIBS='-lxml2'
XML_LIBTOOLLIBS='libxml2.la'
XML_PRIVATE_LIBS='-lz  -llzma     -lm '
XPATH_OBJ='xpath.o'
XPTR_OBJ='xpointer.o'
XSLTPROC='/usr/bin/xsltproc'
Z_CFLAGS=''
Z_LIBS='-lz '
ac_ct_AR='ar'
ac_ct_CC='gcc'
ac_ct_DUMPBIN=''
am__EXEEXT_FALSE=''
am__EXEEXT_TRUE='#'
am__fastdepCC_FALSE='#'
am__fastdepCC_TRUE=''
am__include='include'
am__isrc=''
am__leading_dot='.'
am__nodep='_no'
am__quote=''
am__tar='$${TAR-tar} chof - "$$tardir"'
am__untar='$${TAR-tar} xf -'
bindir='${exec_prefix}/bin'
build='x86_64-pc-linux-gnu'
build_alias=''
build_cpu='x86_64'
build_os='linux-gnu'
build_vendor='pc'
datadir='${datarootdir}'
datarootdir='${prefix}/share'
docdir='${datarootdir}/doc/${PACKAGE_TARNAME}'
dvidir='${docdir}'
exec_prefix='${prefix}'
host='x86_64-pc-linux-gnu'
host_alias=''
host_cpu='x86_64'
host_os='linux-gnu'
host_vendor='pc'
htmldir='${docdir}'
includedir='${prefix}/include'
infodir='${datarootdir}/info'
install_sh='${SHELL} /mnt/c/Travail/Master/Sem2/SoftSec/testing_ground/libxml2_vuln/install-sh'
libdir='${exec_prefix}/lib'
libexecdir='${exec_prefix}/libexec'
localedir='${datarootdir}/locale'
localstatedir='${prefix}/var'
mandir='${datarootdir}/man'
mkdir_p='$(MKDIR_P)'
oldincludedir='/usr/include'
pdfdir='${docdir}'
prefix='/usr/local'
program_transform_name='s,x,x,'
psdir='${docdir}'
pythondir='$(PYTHON_SITE_PACKAGES)'
runstatedir='${localstatedir}/run'
sbindir='${exec_prefix}/sbin'
sharedstatedir='${prefix}/com'
sysconfdir='${prefix}/etc'
target_alias=''

## ----------- ##
## confdefs.h. ##
## ----------- ##

/* confdefs.h */
#define PACKAGE_NAME "libxml2"
#define PACKAGE_TARNAME "libxml2"
#define PACKAGE_VERSION "2.9.10"
#define PACKAGE_STRING "libxml2 2.9.10"
#define PACKAGE_BUGREPORT ""
#define PACKAGE_URL ""
#define PACKAGE "libxml2"
#define VERSION "2.9.10"
#define HAVE_STDIO_H 1
#define HAVE_STDLIB_H 1
#define HAVE_STRING_H 1
#define HAVE_INTTYPES_H 1
#define HAVE_STDINT_H 1
#define HAVE_STRINGS_H 1
#define HAVE_SYS_STAT_H 1
#define HAVE_SYS_TYPES_H 1
#define HAVE_UNISTD_H 1
#define STDC_HEADERS 1
#define HAVE_DLFCN_H 1
#define LT_OBJDIR ".libs/"
#define HAVE_DIRENT_H 1
#define HAVE_FCNTL_H 1
#define HAVE_UNISTD_H 1
#define HAVE_CTYPE_H 1
#define HAVE_DIRENT_H 1
#define HAVE_ERRNO_H 1
#define HAVE_MALLOC_H 1
#define HAVE_STDARG_H 1
#define HAVE_SYS_STAT_H 1
#define HAVE_SYS_TYPES_H 1
#define HAVE_STDINT_H 1
#define HAVE_INTTYPES_H 1
#define HAVE_TIME_H 1
#define HAVE_MATH_H 1
#define HAVE_LIMITS_H 1
#define HAVE_FLOAT_H 1
#define HAVE_STDLIB_H 1
#define HAVE_SYS_SOCKET_H 1
#define HAVE_NETINET_IN_H 1
#define HAVE_ARPA_INET_H 1
#define HAVE_NETDB_H 1
#define HAVE_SYS_TIME_H 1
#define HAVE_SYS_SELECT_H 1
#define HAVE_POLL_H 1
#define HAVE_SYS_MMAN_H 1
#define HAVE_SYS_TIMEB_H 1
#define HAVE_SIGNAL_H 1
#define HAVE_ARPA_NAMESER_H 1
#define HAVE_RESOLV_H 1
#define HAVE_DLFCN_H 1
#define HAVE_STRFTIME 1
#define HAVE_STRFTIME 1
#define HAVE_LOCALTIME 1
#define HAVE_GETTIMEOFDAY 1
#define HAVE_FTIME 1
#define HAVE_STAT 1
#define HAVE_SIGNAL 1
#define HAVE_RAND 1
#define HAVE_RAND_R 1
#define HAVE_SRAND 1
#define HAVE_TIME 1
#define HAVE_ISASCII 1
#define HAVE_MMAP 1
#define HAVE_MUNMAP 1
#define HAVE_PUTENV 1
#define HAVE_VA_COPY 1
#define VA_LIST_IS_ARRAY 1
#define XML_SOCKLEN_T socklen_t
#define GETHOSTBYNAME_ARG_CAST /**/
#define SEND_ARG2_CAST /**/
#define HAVE_ATTRIBUTE_DESTRUCTOR 1
#define ATTRIBUTE_DESTRUCTOR __attribute__((destructor))
#define SUPPORT_IP6 /**/
#define HAVE_GETADDRINFO /**/
#define HAVE_ISNAN /**/
#define HAVE_ISINF /**/
#define HAVE_DLOPEN /**/
#define HAVE_LIBPTHREAD /**/
#define HAVE_PTHREAD_H /**/
#define ICONV_CONST 
#define HAVE_PRINTF 1
#define HAVE_SPRINTF 1
#define HAVE_FPRINTF 1
#define HAVE_SNPRINTF 1
#define HAVE_VFPRINTF 1
#define HAVE_VSPRINTF 1
#define HAVE_VSNPRINTF 1
#define HAVE_SSCANF 1

configure: exit 0
